nohup: 忽略输入
[2026-04-21 01:11:56.617] [INFO ] ========== game-service 启动 ==========
[2026-04-21 01:11:56.617] [INFO ] WS 端口: 8003, HTTP 端口: 8004
[2026-04-21 01:11:56.617] [INFO ] 创建线程池，线程数: 16
[2026-04-21 01:11:56.618] [INFO ] 初始化 Redis 连接池: 127.0.0.1:6379, 大小: 32
[2026-04-21 01:11:56.630] [INFO ] Redis 连接池初始化成功
[2026-04-21 01:11:56.630] [INFO ] game-service 初始化完成
[2026-04-21 01:11:56.630] [INFO ] game-service 已启动，监听 WS :8003
[2026-04-21 01:11:56.630] [INFO ] game-service HTTP 已启动，监听 :8004
[2026-04-21 01:11:59.263] [INFO ] 房间就绪: room=289150, player1=10, player2=9
[2026-04-21 01:11:59.870] [INFO ] 房间就绪: room=437754, player1=9, player2=10
[2026-04-21 01:11:59.974] [INFO ] WebSocket 握手成功: fd=37
[2026-04-21 01:11:59.974] [INFO ] WebSocket 连接建立: fd=37
[2026-04-21 01:11:59.974] [INFO ] WebSocket 握手成功: fd=38
[2026-04-21 01:11:59.974] [INFO ] WebSocket 连接建立: fd=38
[2026-04-21 01:11:59.975] [INFO ] 用户绑定: user_id=9, fd=37
[2026-04-21 01:11:59.975] [INFO ] sendToFd 成功: fd=37, len=84
[2026-04-21 01:11:59.975] [INFO ] 用户登录成功: user_id=9, fd=37
[2026-04-21 01:12:00.175] [INFO ] 用户绑定: user_id=10, fd=38
[2026-04-21 01:12:00.175] [INFO ] sendToFd 成功: fd=38, len=85
[2026-04-21 01:12:00.175] [INFO ] 用户登录成功: user_id=10, fd=38
[2026-04-21 01:12:00.581] [INFO ] 房间就绪: room=298454, player1=9, player2=10
[2026-04-21 01:12:00.581] [INFO ] sendToFd 成功: fd=37, len=123
[2026-04-21 01:12:00.581] [INFO ] sendToFd 成功: fd=38, len=123
[2026-04-21 01:12:01.082] [INFO ] sendToFd 成功: fd=37, len=113
[2026-04-21 01:12:01.083] [INFO ] handleMove: user=9, opponent_id=10, room=298454
[2026-04-21 01:12:01.083] [INFO ] getConnectionFd(10) = 38
[2026-04-21 01:12:01.083] [INFO ] 转发落子: user=9 -> opponent=10 (fd=38), (7,7)
[2026-04-21 01:12:01.083] [INFO ] sendToFd 成功: fd=38, len=137
[2026-04-21 01:12:01.283] [INFO ] sendToFd 成功: fd=38, len=113
[2026-04-21 01:12:01.283] [INFO ] handleMove: user=10, opponent_id=9, room=298454
[2026-04-21 01:12:01.283] [INFO ] getConnectionFd(9) = 37
[2026-04-21 01:12:01.283] [INFO ] 转发落子: user=10 -> opponent=9 (fd=37), (8,8)
[2026-04-21 01:12:01.283] [INFO ] sendToFd 成功: fd=37, len=138
[2026-04-21 01:12:01.485] [INFO ] sendToFd 成功: fd=37, len=95
[2026-04-21 01:12:01.485] [INFO ] 用户 9 退出房间 298454 成功
[2026-04-21 01:12:01.485] [INFO ] handleQuitRoom: user=9, opponent_id=-1, room=298454
[2026-04-21 01:12:01.485] [WARN ] 未找到对手: room=298454, user=9
